<?xml version="1.0" encoding="UTF-8"?>
<!-- Generated by org.testng.reporters.JUnitReportReporter -->
<testsuite skipped="0" hostname="LAPTOP-OSN50RPC" name="com.Cases.UserTest" tests="1" failures="0" timestamp="2021-08-25T18:28:32 GMT+08:00" time="0.539" errors="0">
  <testcase name="userGetTest" time="0.539" classname="com.Cases.UserTest"/>
  <system-out/>
</testsuite> <!-- com.Cases.UserTest -->
