<?xml version="1.0" encoding="UTF-8" ?>
<testsuite tests="1" failures="0" name="TestSuite" time="4.157" errors="0" skipped="0">
  <properties>
    <property name="java.runtime.name" value="Java(TM) SE Runtime Environment"/>
    <property name="sun.boot.library.path" value="D:\jdk8u261\jre\bin"/>
    <property name="java.vm.version" value="25.261-b12"/>
    <property name="java.vm.vendor" value="Oracle Corporation"/>
    <property name="java.vendor.url" value="http://java.oracle.com/"/>
    <property name="path.separator" value=";"/>
    <property name="java.vm.name" value="Java HotSpot(TM) 64-Bit Server VM"/>
    <property name="file.encoding.pkg" value="sun.io"/>
    <property name="user.script" value=""/>
    <property name="user.country" value="CN"/>
    <property name="sun.java.launcher" value="SUN_STANDARD"/>
    <property name="sun.os.patch.level" value=""/>
    <property name="java.vm.specification.name" value="Java Virtual Machine Specification"/>
    <property name="user.dir" value="D:\测试\BlackCat\BC-Test-core"/>
    <property name="java.runtime.version" value="1.8.0_261-b12"/>
    <property name="java.awt.graphicsenv" value="sun.awt.Win32GraphicsEnvironment"/>
    <property name="basedir" value="D:\测试\BlackCat\BC-Test-core"/>
    <property name="java.endorsed.dirs" value="D:\jdk8u261\jre\lib\endorsed"/>
    <property name="os.arch" value="amd64"/>
    <property name="surefire.real.class.path" value="D:\测试\BlackCat\BC-Test-core\target\surefire\surefirebooter7459837352835443613.jar"/>
    <property name="java.io.tmpdir" value="C:\Users\HP\AppData\Local\Temp\"/>
    <property name="line.separator" value="
"/>
    <property name="java.vm.specification.vendor" value="Oracle Corporation"/>
    <property name="user.variant" value=""/>
    <property name="os.name" value="Windows 10"/>
    <property name="sun.jnu.encoding" value="GBK"/>
    <property name="java.library.path" value="D:\jdk8u261\jre\bin;C:\WINDOWS\Sun\Java\bin;C:\WINDOWS\system32;C:\WINDOWS;D:\VMcent\;C:\Program Files (x86)\Common Files\Oracle\Java\javapath;C:\windows\system32;C:\windows;C:\Program Files\MySQL\MySQL Server 8.0\bin;C:\windows\System32\Wbem;C:\windows\System32\WindowsPowerShell\v1.0\;C:\windows\System32\OpenSSH\;C:\Program Files (x86)\NVIDIA Corporation\PhysX\Common;C:\Program Files\Intel\WiFi\bin\;C:\Program Files\Common Files\Intel\WirelessCommon\;C:\Program Files\Common Files\Autodesk Shared\;C:\Program Files\Microsoft SQL Server\120\Tools\Binn\;C:\WINDOWS\system32;C:\WINDOWS;C:\WINDOWS\System32\Wbem;C:\WINDOWS\System32\WindowsPowerShell\v1.0\;C:\WINDOWS\System32\OpenSSH\;C:\strawberry\c\bin;C:\strawberry\perl\bin;C:\Program Files\Git\cmd;C:\Program Files\MySQL\MySQL Shell 8.0\bin\;D:\jdk8u261\bin;C:\Users\HP\AppData\Local\Microsoft\WindowsApps;D:/IntelliJ IDEA 2020.2/plugins/maven/lib/maven3\bin;;C:\Users\HP\AppData\Local\Programs\Microsoft VS Code\bin;."/>
    <property name="surefire.test.class.path" value="D:\测试\BlackCat\BC-Test-core\target\test-classes;D:\测试\BlackCat\BC-Test-core\target\classes;D:\repository\log4j\log4j\1.2.17\log4j-1.2.17.jar;D:\repository\org\mybatis\mybatis\3.5.7\mybatis-3.5.7.jar;D:\repository\mysql\mysql-connector-java\8.0.26\mysql-connector-java-8.0.26.jar;D:\repository\org\projectlombok\lombok\1.16.14\lombok-1.16.14.jar;D:\repository\org\apache\httpcomponents\httpclient\4.5.13\httpclient-4.5.13.jar;D:\repository\org\apache\httpcomponents\httpcore\4.4.14\httpcore-4.4.14.jar;D:\repository\commons-codec\commons-codec\1.15\commons-codec-1.15.jar;D:\repository\com\alibaba\fastjson\1.2.38\fastjson-1.2.38.jar;D:\repository\org\apache\poi\poi\5.0.0\poi-5.0.0.jar;D:\repository\org\slf4j\slf4j-api\1.7.32\slf4j-api-1.7.32.jar;D:\repository\org\slf4j\jcl-over-slf4j\1.7.32\jcl-over-slf4j-1.7.32.jar;D:\repository\org\apache\commons\commons-collections4\4.4\commons-collections4-4.4.jar;D:\repository\org\apache\commons\commons-math3\3.6.1\commons-math3-3.6.1.jar;D:\repository\com\zaxxer\SparseBitSet\1.2\SparseBitSet-1.2.jar;D:\repository\org\apache\commons\commons-email\1.1\commons-email-1.1.jar;D:\repository\javax\mail\mail\1.4\mail-1.4.jar;D:\repository\javax\activation\activation\1.1\activation-1.1.jar;D:\repository\com\relevantcodes\extentreports\2.41.2\extentreports-2.41.2.jar;D:\repository\org\jsoup\jsoup\1.8.3\jsoup-1.8.3.jar;D:\repository\org\xerial\sqlite-jdbc\3.34.0\sqlite-jdbc-3.34.0.jar;D:\repository\org\freemarker\freemarker\2.3.31\freemarker-2.3.31.jar;D:\repository\org\mongodb\mongodb-driver\3.0.4\mongodb-driver-3.0.4.jar;D:\repository\org\mongodb\bson\4.2.3\bson-4.2.3.jar;D:\repository\org\mongodb\mongodb-driver-core\4.2.3\mongodb-driver-core-4.2.3.jar;D:\repository\com\vimalselvam\testng-extentsreport\1.3.0\testng-extentsreport-1.3.0.jar;D:\repository\com\google\guava\guava\20.0\guava-20.0.jar;D:\repository\com\aventstack\extentreports\3.0.6\extentreports-3.0.6.jar;D:\repository\org\apache\httpcomponents\httpmime\4.5.13\httpmime-4.5.13.jar;D:\repository\org\testng\testng\7.4.0\testng-7.4.0.jar;D:\repository\com\beust\jcommander\1.78\jcommander-1.78.jar;D:\repository\org\webjars\jquery\3.5.1\jquery-3.5.1.jar;"/>
    <property name="java.specification.name" value="Java Platform API Specification"/>
    <property name="java.class.version" value="52.0"/>
    <property name="sun.management.compiler" value="HotSpot 64-Bit Tiered Compilers"/>
    <property name="os.version" value="10.0"/>
    <property name="user.home" value="C:\Users\HP"/>
    <property name="user.timezone" value="GMT+08:00"/>
    <property name="java.awt.printerjob" value="sun.awt.windows.WPrinterJob"/>
    <property name="java.specification.version" value="1.8"/>
    <property name="file.encoding" value="GBK"/>
    <property name="user.name" value="HP"/>
    <property name="java.class.path" value="D:\测试\BlackCat\BC-Test-core\target\test-classes;D:\测试\BlackCat\BC-Test-core\target\classes;D:\repository\log4j\log4j\1.2.17\log4j-1.2.17.jar;D:\repository\org\mybatis\mybatis\3.5.7\mybatis-3.5.7.jar;D:\repository\mysql\mysql-connector-java\8.0.26\mysql-connector-java-8.0.26.jar;D:\repository\org\projectlombok\lombok\1.16.14\lombok-1.16.14.jar;D:\repository\org\apache\httpcomponents\httpclient\4.5.13\httpclient-4.5.13.jar;D:\repository\org\apache\httpcomponents\httpcore\4.4.14\httpcore-4.4.14.jar;D:\repository\commons-codec\commons-codec\1.15\commons-codec-1.15.jar;D:\repository\com\alibaba\fastjson\1.2.38\fastjson-1.2.38.jar;D:\repository\org\apache\poi\poi\5.0.0\poi-5.0.0.jar;D:\repository\org\slf4j\slf4j-api\1.7.32\slf4j-api-1.7.32.jar;D:\repository\org\slf4j\jcl-over-slf4j\1.7.32\jcl-over-slf4j-1.7.32.jar;D:\repository\org\apache\commons\commons-collections4\4.4\commons-collections4-4.4.jar;D:\repository\org\apache\commons\commons-math3\3.6.1\commons-math3-3.6.1.jar;D:\repository\com\zaxxer\SparseBitSet\1.2\SparseBitSet-1.2.jar;D:\repository\org\apache\commons\commons-email\1.1\commons-email-1.1.jar;D:\repository\javax\mail\mail\1.4\mail-1.4.jar;D:\repository\javax\activation\activation\1.1\activation-1.1.jar;D:\repository\com\relevantcodes\extentreports\2.41.2\extentreports-2.41.2.jar;D:\repository\org\jsoup\jsoup\1.8.3\jsoup-1.8.3.jar;D:\repository\org\xerial\sqlite-jdbc\3.34.0\sqlite-jdbc-3.34.0.jar;D:\repository\org\freemarker\freemarker\2.3.31\freemarker-2.3.31.jar;D:\repository\org\mongodb\mongodb-driver\3.0.4\mongodb-driver-3.0.4.jar;D:\repository\org\mongodb\bson\4.2.3\bson-4.2.3.jar;D:\repository\org\mongodb\mongodb-driver-core\4.2.3\mongodb-driver-core-4.2.3.jar;D:\repository\com\vimalselvam\testng-extentsreport\1.3.0\testng-extentsreport-1.3.0.jar;D:\repository\com\google\guava\guava\20.0\guava-20.0.jar;D:\repository\com\aventstack\extentreports\3.0.6\extentreports-3.0.6.jar;D:\repository\org\apache\httpcomponents\httpmime\4.5.13\httpmime-4.5.13.jar;D:\repository\org\testng\testng\7.4.0\testng-7.4.0.jar;D:\repository\com\beust\jcommander\1.78\jcommander-1.78.jar;D:\repository\org\webjars\jquery\3.5.1\jquery-3.5.1.jar;"/>
    <property name="java.vm.specification.version" value="1.8"/>
    <property name="sun.arch.data.model" value="64"/>
    <property name="java.home" value="D:\jdk8u261\jre"/>
    <property name="sun.java.command" value="D:\测试\BlackCat\BC-Test-core\target\surefire\surefirebooter7459837352835443613.jar D:\测试\BlackCat\BC-Test-core\target\surefire\surefire694692959494735605tmp D:\测试\BlackCat\BC-Test-core\target\surefire\surefire6352555306881399835tmp"/>
    <property name="java.specification.vendor" value="Oracle Corporation"/>
    <property name="user.language" value="zh"/>
    <property name="awt.toolkit" value="sun.awt.windows.WToolkit"/>
    <property name="java.vm.info" value="mixed mode"/>
    <property name="java.version" value="1.8.0_261"/>
    <property name="java.ext.dirs" value="D:\jdk8u261\jre\lib\ext;C:\WINDOWS\Sun\Java\lib\ext"/>
    <property name="sun.boot.class.path" value="D:\jdk8u261\jre\lib\resources.jar;D:\jdk8u261\jre\lib\rt.jar;D:\jdk8u261\jre\lib\sunrsasign.jar;D:\jdk8u261\jre\lib\jsse.jar;D:\jdk8u261\jre\lib\jce.jar;D:\jdk8u261\jre\lib\charsets.jar;D:\jdk8u261\jre\lib\jfr.jar;D:\jdk8u261\jre\classes"/>
    <property name="java.vendor" value="Oracle Corporation"/>
    <property name="localRepository" value="D:\repository"/>
    <property name="file.separator" value="\"/>
    <property name="java.vendor.url.bug" value="http://bugreport.sun.com/bugreport/"/>
    <property name="sun.cpu.endian" value="little"/>
    <property name="sun.io.unicode.encoding" value="UnicodeLittle"/>
    <property name="sun.desktop" value="windows"/>
    <property name="sun.cpu.isalist" value="amd64"/>
  </properties>
  <testcase classname="com.Cases.UserTest" name="userGetTest" time="0.538"/>
</testsuite>